Change Component Designator: OldDesignator=C1 NewDesignator=C3
Change Component Designator: OldDesignator=C2 NewDesignator=C7
Change Component Designator: OldDesignator=C3 NewDesignator=C8
Change Component Designator: OldDesignator=C4 NewDesignator=C9
Change Component Designator: OldDesignator=C5 NewDesignator=C10
Change Component Designator: OldDesignator=C6 NewDesignator=C1
Change Component Designator: OldDesignator=C7 NewDesignator=C4
Change Component Designator: OldDesignator=C8 NewDesignator=C5
Change Component Designator: OldDesignator=C9 NewDesignator=C6
Change Component Designator: OldDesignator=R1 NewDesignator=R6
Change Component Designator: OldDesignator=R2 NewDesignator=R9
Change Component Designator: OldDesignator=R3 NewDesignator=R4
Change Component Designator: OldDesignator=R4 NewDesignator=R5
Change Component Designator: OldDesignator=R5 NewDesignator=R10
Change Component Designator: OldDesignator=R6 NewDesignator=R1
Change Component Designator: OldDesignator=R7 NewDesignator=R2
Change Component Designator: OldDesignator=R8 NewDesignator=R3
Change Component Designator: OldDesignator=R9 NewDesignator=R7
Change Component Designator: OldDesignator=R10 NewDesignator=R8
Added Component: Designator=C2(0805C)
Added Pin To Net: NetName=GND Pin=C2-1
Added Pin To Net: NetName=12V Pin=C2-2
Added Pin To Net: NetName=12V Pin=C3-1
Added Pin To Net: NetName=12V Pin=U1-1
Change Net Name : Old Net Name=NetC1_2 New Net Name=NetC3_2
Change Net Name : Old Net Name=NetC7_1 New Net Name=NetC4_1
Change Net Name : Old Net Name=NetC8_1 New Net Name=NetC5_1
Change Net Name : Old Net Name=NetC9_1 New Net Name=NetC6_1
Change Net Name : Old Net Name=NetR1_2 New Net Name=NetR6_2
Change Net Name : Old Net Name=NetR3_1 New Net Name=NetR4_1
Change Net Name : Old Net Name=NetR6_2 New Net Name=NetR1_2
Change Net Name : Old Net Name=NetR7_1 New Net Name=NetR2_1
Change Net Name : Old Net Name=NetR7_2 New Net Name=NetR2_2
Change Net Name : Old Net Name=NetR9_1 New Net Name=NetR7_1
Added Member To Class: ClassName=TPS54540_V2 Member=Component C10 22uF
Added Room: Name=TPS54540_V2
