Removed Pin From Net: NetName=12V Pin=C3-1
Removed Pin From Net: NetName=GND Pin=R3-1
Removed Pin From Net: NetName=5V Pin=R9-2
Removed Pin From Net: NetName=12V Pin=U1-1
Change Component Comment : Designator=R2 Old Comment=76k New Comment=75k
Change Component Designator: OldDesignator=R4 NewDesignator=R3
Change Component Designator: OldDesignator=R5 NewDesignator=R4
Change Component Designator: OldDesignator=R10 NewDesignator=R9
Added Component: Designator=R5(0603R)
Added Pin To Net: NetName=GND Pin=R2-1
Added Pin To Net: NetName=5V Pin=R5-2
Change Net Name : Old Net Name=NetR4_1 New Net Name=NetR3_1
Added Pin To Net: NetName=NetC3_1 Pin=C3-1
Added Pin To Net: NetName=NetC3_1 Pin=U1-1
Added Net: Name=NetC3_1
Added Pin To Net: NetName=NetR5_1 Pin=R5-1
Added Pin To Net: NetName=NetR5_1 Pin=R6-2
Added Net: Name=NetR5_1
Added Member To Class: ClassName=TPS54540_V2 Member=Component C2 4u7
Added Member To Class: ClassName=TPS54540_V2 Member=Component C3 100nf
Added Member To Class: ClassName=TPS54540_V2 Member=Component C7 47uF
Added Member To Class: ClassName=TPS54540_V2 Member=Component C9 22uF
Added Member To Class: ClassName=TPS54540_V2 Member=Component R4 0.7k
Added Member To Class: ClassName=TPS54540_V2 Member=Component R5 0.4k
Added Member To Class: ClassName=TPS54540_V2 Member=Component R6 60k
Added Room: Name=TPS54540_V2
