Replace Part C? 电容_贴片 in D:\Project\PCB\实用电路_霜华TSP54540_5V@5A\霜华TSP545405V5A_V2\TPS54540_V2.SchDoc with 电容_贴片 from 元件库.IntLib
Replace Part C? 电容_贴片 in D:\Project\PCB\实用电路_霜华TSP54540_5V@5A\霜华TSP545405V5A_V2\TPS54540_V2.SchDoc with 电容_贴片 from 元件库.IntLib
Replace Part C? 电容_贴片 in D:\Project\PCB\实用电路_霜华TSP54540_5V@5A\霜华TSP545405V5A_V2\TPS54540_V2.SchDoc with 电容_贴片 from 元件库.IntLib
Replace Part C? 电容_贴片 in D:\Project\PCB\实用电路_霜华TSP54540_5V@5A\霜华TSP545405V5A_V2\TPS54540_V2.SchDoc with 电容_贴片 from 元件库.IntLib
Replace Part C? 电容_贴片电解 in D:\Project\PCB\实用电路_霜华TSP54540_5V@5A\霜华TSP545405V5A_V2\TPS54540_V2.SchDoc with 电容_贴片电解 from 元件库.IntLib
Replace Part C? 电容_贴片钽 in D:\Project\PCB\实用电路_霜华TSP54540_5V@5A\霜华TSP545405V5A_V2\TPS54540_V2.SchDoc with 电容_贴片钽 from 元件库.IntLib
Replace Part C? 电容_贴片 in D:\Project\PCB\实用电路_霜华TSP54540_5V@5A\霜华TSP545405V5A_V2\TPS54540_V2.SchDoc with 电容_贴片 from 元件库.IntLib
Replace Part C? 电容_贴片 in D:\Project\PCB\实用电路_霜华TSP54540_5V@5A\霜华TSP545405V5A_V2\TPS54540_V2.SchDoc with 电容_贴片 from 元件库.IntLib
Replace Part D? 二极管_肖特基 in D:\Project\PCB\实用电路_霜华TSP54540_5V@5A\霜华TSP545405V5A_V2\TPS54540_V2.SchDoc with 二极管_肖特基 from 元件库.IntLib
Replace Part J? 接口_MR in D:\Project\PCB\实用电路_霜华TSP54540_5V@5A\霜华TSP545405V5A_V2\TPS54540_V2.SchDoc with 接口_MR from 接口库.IntLib
Replace Part L? 电感_贴片 in D:\Project\PCB\实用电路_霜华TSP54540_5V@5A\霜华TSP545405V5A_V2\TPS54540_V2.SchDoc with 电感_贴片 from 元件库.IntLib
Replace Part LED? 二极管_贴片发光 in D:\Project\PCB\实用电路_霜华TSP54540_5V@5A\霜华TSP545405V5A_V2\TPS54540_V2.SchDoc with 二极管_贴片发光 from 元件库.IntLib
Replace Part R? 电阻_贴片 in D:\Project\PCB\实用电路_霜华TSP54540_5V@5A\霜华TSP545405V5A_V2\TPS54540_V2.SchDoc with 电阻_贴片 from 元件库.IntLib
Replace Part R? 电阻_贴片 in D:\Project\PCB\实用电路_霜华TSP54540_5V@5A\霜华TSP545405V5A_V2\TPS54540_V2.SchDoc with 电阻_贴片 from 元件库.IntLib
Replace Part R? 电阻_贴片 in D:\Project\PCB\实用电路_霜华TSP54540_5V@5A\霜华TSP545405V5A_V2\TPS54540_V2.SchDoc with 电阻_贴片 from 元件库.IntLib
Replace Part R? 电阻_贴片 in D:\Project\PCB\实用电路_霜华TSP54540_5V@5A\霜华TSP545405V5A_V2\TPS54540_V2.SchDoc with 电阻_贴片 from 元件库.IntLib
Replace Part R? 电阻_贴片 in D:\Project\PCB\实用电路_霜华TSP54540_5V@5A\霜华TSP545405V5A_V2\TPS54540_V2.SchDoc with 电阻_贴片 from 元件库.IntLib
Replace Part R? 电阻_贴片 in D:\Project\PCB\实用电路_霜华TSP54540_5V@5A\霜华TSP545405V5A_V2\TPS54540_V2.SchDoc with 电阻_贴片 from 元件库.IntLib
Replace Part R? 电阻_贴片 in D:\Project\PCB\实用电路_霜华TSP54540_5V@5A\霜华TSP545405V5A_V2\TPS54540_V2.SchDoc with 电阻_贴片 from 元件库.IntLib
Replace Part R? 电阻_贴片 in D:\Project\PCB\实用电路_霜华TSP54540_5V@5A\霜华TSP545405V5A_V2\TPS54540_V2.SchDoc with 电阻_贴片 from 元件库.IntLib
Replace Part R? 电阻_贴片 in D:\Project\PCB\实用电路_霜华TSP54540_5V@5A\霜华TSP545405V5A_V2\TPS54540_V2.SchDoc with 电阻_贴片 from 元件库.IntLib
Replace Part R? 电阻_贴片 in D:\Project\PCB\实用电路_霜华TSP54540_5V@5A\霜华TSP545405V5A_V2\TPS54540_V2.SchDoc with 电阻_贴片 from 元件库.IntLib
Replace Part SW? 开关_三脚 in D:\Project\PCB\实用电路_霜华TSP54540_5V@5A\霜华TSP545405V5A_V2\TPS54540_V2.SchDoc with 开关_三脚 from 元件库.IntLib
Replace Part U? 芯片/IC-TPS54540 in D:\Project\PCB\实用电路_霜华TSP54540_5V@5A\霜华TSP545405V5A_V2\TPS54540_V2.SchDoc with 芯片/IC-TPS54540 from 元件库.IntLib
